Collecting numpy<=1.14.5,>=1.13.3 (from -c constraints-chok.txt (line 2))
  Using cached https://files.pythonhosted.org/packages/0d/b7/0c804e0bcba6505f8392d042d5e333a5e06f308e019517111fbc7767a0bc/numpy-1.14.5-cp36-none-win_amd64.whl
  Saved c:\users\chok\documents\training\coursera\ml-finance\samples\handson-ml\testenv\tmp\wheelhouse\numpy-1.14.5-cp36-none-win_amd64.whl
Collecting jupyter (from -r requirements1.txt (line 28))
  Using cached https://files.pythonhosted.org/packages/83/df/0f5dd132200728a86190397e1ea87cd76244e42d39ec5e88efd25b2abd7e/jupyter-1.0.0-py2.py3-none-any.whl
  Saved c:\users\chok\documents\training\coursera\ml-finance\samples\handson-ml\testenv\tmp\wheelhouse\jupyter-1.0.0-py2.py3-none-any.whl
Collecting matplotlib (from -r requirements1.txt (line 29))
  Using cached https://files.pythonhosted.org/packages/03/e9/79cfd4d5dda9b7592468ed27fe972e8dcb2fc1c8e6cdf092bcb65242d77a/matplotlib-2.2.3-cp36-cp36m-win_amd64.whl
  Saved c:\users\chok\documents\training\coursera\ml-finance\samples\handson-ml\testenv\tmp\wheelhouse\matplotlib-2.2.3-cp36-cp36m-win_amd64.whl
Collecting mkl (from -r requirements1.txt (line 30))
  Using cached https://files.pythonhosted.org/packages/f0/14/d31a15ce4aea4e03b5ab6bc246480eacb53103bacecef5c4db11097b0dc6/mkl-2018.0.3-py2.py3-none-win_amd64.whl
  Saved c:\users\chok\documents\training\coursera\ml-finance\samples\handson-ml\testenv\tmp\wheelhouse\mkl-2018.0.3-py2.py3-none-win_amd64.whl
Collecting pandas (from -r requirements1.txt (line 32))
  Using cached https://files.pythonhosted.org/packages/0e/67/def5bfaf4d3324fdb89048889ec523c0903c5efab1a64c8dbe0ac8eec13c/pandas-0.23.4-cp36-cp36m-win_amd64.whl
  Saved c:\users\chok\documents\training\coursera\ml-finance\samples\handson-ml\testenv\tmp\wheelhouse\pandas-0.23.4-cp36-cp36m-win_amd64.whl
Collecting scipy (from -r requirements1.txt (line 33))
  Using cached https://files.pythonhosted.org/packages/62/e2/364f0bcc641aeff79d743c732769d5dc31a1e78c27699229431412c4b425/scipy-1.1.0-cp36-none-win_amd64.whl
  Saved c:\users\chok\documents\training\coursera\ml-finance\samples\handson-ml\testenv\tmp\wheelhouse\scipy-1.1.0-cp36-none-win_amd64.whl
Collecting tornado (from -r requirements1.txt (line 36))
  Using cached https://files.pythonhosted.org/packages/8b/d6/4e4a9282a3fb8555dca2369e827bd844c7f2d1a59c5790d3bfd97eb66206/tornado-5.1-cp36-cp36m-win_amd64.whl
  Saved c:\users\chok\documents\training\coursera\ml-finance\samples\handson-ml\testenv\tmp\wheelhouse\tornado-5.1-cp36-cp36m-win_amd64.whl
Collecting qtconsole (from jupyter->-r requirements1.txt (line 28))
  Using cached https://files.pythonhosted.org/packages/1e/a3/92355f7fe0082b17a9488665fb0af99fb16c7767296b3a395652abf13a70/qtconsole-4.4.0-py2.py3-none-any.whl
  Saved c:\users\chok\documents\training\coursera\ml-finance\samples\handson-ml\testenv\tmp\wheelhouse\qtconsole-4.4.0-py2.py3-none-any.whl
Collecting jupyter-console (from jupyter->-r requirements1.txt (line 28))
  Using cached https://files.pythonhosted.org/packages/77/82/6469cd7fccf7958cbe5dce2e623f1e3c5e27f1bb1ad36d90519bc2d5d370/jupyter_console-5.2.0-py2.py3-none-any.whl
  Saved c:\users\chok\documents\training\coursera\ml-finance\samples\handson-ml\testenv\tmp\wheelhouse\jupyter_console-5.2.0-py2.py3-none-any.whl
Collecting ipywidgets (from jupyter->-r requirements1.txt (line 28))
  Using cached https://files.pythonhosted.org/packages/34/3a/5b258ea6d584f5a8527c2295d0ebf7ffb1654e3de38d37697f88bbef6621/ipywidgets-7.4.0-py2.py3-none-any.whl
  Saved c:\users\chok\documents\training\coursera\ml-finance\samples\handson-ml\testenv\tmp\wheelhouse\ipywidgets-7.4.0-py2.py3-none-any.whl
Collecting ipykernel (from jupyter->-r requirements1.txt (line 28))
  Using cached https://files.pythonhosted.org/packages/ab/3f/cd624c835aa3336a9110d0a99e15070f343b881b7d651ab1375ef226a3ac/ipykernel-4.8.2-py3-none-any.whl
  Saved c:\users\chok\documents\training\coursera\ml-finance\samples\handson-ml\testenv\tmp\wheelhouse\ipykernel-4.8.2-py3-none-any.whl
Collecting notebook (from jupyter->-r requirements1.txt (line 28))
  Using cached https://files.pythonhosted.org/packages/5e/7c/7fd8e9584779d65dfcad9fa2e09c76131a41f999f853a9c7026ed8585586/notebook-5.6.0-py2.py3-none-any.whl
  Saved c:\users\chok\documents\training\coursera\ml-finance\samples\handson-ml\testenv\tmp\wheelhouse\notebook-5.6.0-py2.py3-none-any.whl
Collecting nbconvert (from jupyter->-r requirements1.txt (line 28))
  Using cached https://files.pythonhosted.org/packages/39/ea/280d6c0d92f8e3ca15fd798bbcc2ea141489f9539de7133d8fe10ea4b049/nbconvert-5.3.1-py2.py3-none-any.whl
  Saved c:\users\chok\documents\training\coursera\ml-finance\samples\handson-ml\testenv\tmp\wheelhouse\nbconvert-5.3.1-py2.py3-none-any.whl
Collecting python-dateutil>=2.1 (from matplotlib->-r requirements1.txt (line 29))
  Using cached https://files.pythonhosted.org/packages/cf/f5/af2b09c957ace60dcfac112b669c45c8c97e32f94aa8b56da4c6d1682825/python_dateutil-2.7.3-py2.py3-none-any.whl
  Saved c:\users\chok\documents\training\coursera\ml-finance\samples\handson-ml\testenv\tmp\wheelhouse\python_dateutil-2.7.3-py2.py3-none-any.whl
Collecting pytz (from matplotlib->-r requirements1.txt (line 29))
  Using cached https://files.pythonhosted.org/packages/30/4e/27c34b62430286c6d59177a0842ed90dc789ce5d1ed740887653b898779a/pytz-2018.5-py2.py3-none-any.whl
  Saved c:\users\chok\documents\training\coursera\ml-finance\samples\handson-ml\testenv\tmp\wheelhouse\pytz-2018.5-py2.py3-none-any.whl
Collecting kiwisolver>=1.0.1 (from matplotlib->-r requirements1.txt (line 29))
  Using cached https://files.pythonhosted.org/packages/44/72/16630c3392eba03788ad87949390516bbc488e8e118047a3b824631d21a6/kiwisolver-1.0.1-cp36-none-win_amd64.whl
  Saved c:\users\chok\documents\training\coursera\ml-finance\samples\handson-ml\testenv\tmp\wheelhouse\kiwisolver-1.0.1-cp36-none-win_amd64.whl
Collecting pyparsing!=2.0.4,!=2.1.2,!=2.1.6,>=2.0.1 (from matplotlib->-r requirements1.txt (line 29))
  Using cached https://files.pythonhosted.org/packages/6a/8a/718fd7d3458f9fab8e67186b00abdd345b639976bc7fb3ae722e1b026a50/pyparsing-2.2.0-py2.py3-none-any.whl
  Saved c:\users\chok\documents\training\coursera\ml-finance\samples\handson-ml\testenv\tmp\wheelhouse\pyparsing-2.2.0-py2.py3-none-any.whl
Collecting six>=1.10 (from matplotlib->-r requirements1.txt (line 29))
  Using cached https://files.pythonhosted.org/packages/67/4b/141a581104b1f6397bfa78ac9d43d8ad29a7ca43ea90a2d863fe3056e86a/six-1.11.0-py2.py3-none-any.whl
  Saved c:\users\chok\documents\training\coursera\ml-finance\samples\handson-ml\testenv\tmp\wheelhouse\six-1.11.0-py2.py3-none-any.whl
Collecting cycler>=0.10 (from matplotlib->-r requirements1.txt (line 29))
  Using cached https://files.pythonhosted.org/packages/f7/d2/e07d3ebb2bd7af696440ce7e754c59dd546ffe1bbe732c8ab68b9c834e61/cycler-0.10.0-py2.py3-none-any.whl
  Saved c:\users\chok\documents\training\coursera\ml-finance\samples\handson-ml\testenv\tmp\wheelhouse\cycler-0.10.0-py2.py3-none-any.whl
Collecting intel-openmp==2018.0.3 (from mkl->-r requirements1.txt (line 30))
  Using cached https://files.pythonhosted.org/packages/92/6e/13102aa9d378966f870f28851f18d76de23aa875f19c582fdbf68ac7946f/intel_openmp-2018.0.3-py2.py3-none-win_amd64.whl
  Saved c:\users\chok\documents\training\coursera\ml-finance\samples\handson-ml\testenv\tmp\wheelhouse\intel_openmp-2018.0.3-py2.py3-none-win_amd64.whl
Collecting pygments (from qtconsole->jupyter->-r requirements1.txt (line 28))
  Using cached https://files.pythonhosted.org/packages/02/ee/b6e02dc6529e82b75bb06823ff7d005b141037cb1416b10c6f00fc419dca/Pygments-2.2.0-py2.py3-none-any.whl
  Saved c:\users\chok\documents\training\coursera\ml-finance\samples\handson-ml\testenv\tmp\wheelhouse\pygments-2.2.0-py2.py3-none-any.whl
Collecting jupyter-core (from qtconsole->jupyter->-r requirements1.txt (line 28))
  Using cached https://files.pythonhosted.org/packages/1d/44/065d2d7bae7bebc06f1dd70d23c36da8c50c0f08b4236716743d706762a8/jupyter_core-4.4.0-py2.py3-none-any.whl
  Saved c:\users\chok\documents\training\coursera\ml-finance\samples\handson-ml\testenv\tmp\wheelhouse\jupyter_core-4.4.0-py2.py3-none-any.whl
Collecting jupyter-client>=4.1 (from qtconsole->jupyter->-r requirements1.txt (line 28))
  Using cached https://files.pythonhosted.org/packages/94/dd/fe6c4d683b09eb05342bd2816b7779663f71762b4fa9c2d5203d35d17354/jupyter_client-5.2.3-py2.py3-none-any.whl
  Saved c:\users\chok\documents\training\coursera\ml-finance\samples\handson-ml\testenv\tmp\wheelhouse\jupyter_client-5.2.3-py2.py3-none-any.whl
Collecting traitlets (from qtconsole->jupyter->-r requirements1.txt (line 28))
  Using cached https://files.pythonhosted.org/packages/93/d6/abcb22de61d78e2fc3959c964628a5771e47e7cc60d53e9342e21ed6cc9a/traitlets-4.3.2-py2.py3-none-any.whl
  Saved c:\users\chok\documents\training\coursera\ml-finance\samples\handson-ml\testenv\tmp\wheelhouse\traitlets-4.3.2-py2.py3-none-any.whl
Collecting ipython-genutils (from qtconsole->jupyter->-r requirements1.txt (line 28))
  Using cached https://files.pythonhosted.org/packages/fa/bc/9bd3b5c2b4774d5f33b2d544f1460be9df7df2fe42f352135381c347c69a/ipython_genutils-0.2.0-py2.py3-none-any.whl
  Saved c:\users\chok\documents\training\coursera\ml-finance\samples\handson-ml\testenv\tmp\wheelhouse\ipython_genutils-0.2.0-py2.py3-none-any.whl
Collecting ipython (from jupyter-console->jupyter->-r requirements1.txt (line 28))
  Using cached https://files.pythonhosted.org/packages/f7/62/2fef7db3a7b75e8099c3d9db2630ae5ba0b9eefefd91f7497862393d90e8/ipython-6.5.0-py3-none-any.whl
  Saved c:\users\chok\documents\training\coursera\ml-finance\samples\handson-ml\testenv\tmp\wheelhouse\ipython-6.5.0-py3-none-any.whl
Collecting prompt-toolkit<2.0.0,>=1.0.0 (from jupyter-console->jupyter->-r requirements1.txt (line 28))
  Using cached https://files.pythonhosted.org/packages/04/d1/c6616dd03701e7e2073f06d5c3b41b012256e42b72561f16a7bd86dd7b43/prompt_toolkit-1.0.15-py3-none-any.whl
  Saved c:\users\chok\documents\training\coursera\ml-finance\samples\handson-ml\testenv\tmp\wheelhouse\prompt_toolkit-1.0.15-py3-none-any.whl
Collecting widgetsnbextension~=3.4.0 (from ipywidgets->jupyter->-r requirements1.txt (line 28))
  Using cached https://files.pythonhosted.org/packages/83/03/ed063ec3ecf499d5491734822d8cadfc80f531a41ae1604277b25fbed795/widgetsnbextension-3.4.0-py2.py3-none-any.whl
  Saved c:\users\chok\documents\training\coursera\ml-finance\samples\handson-ml\testenv\tmp\wheelhouse\widgetsnbextension-3.4.0-py2.py3-none-any.whl
Collecting nbformat>=4.2.0 (from ipywidgets->jupyter->-r requirements1.txt (line 28))
  Using cached https://files.pythonhosted.org/packages/da/27/9a654d2b6cc1eaa517d1c5a4405166c7f6d72f04f6e7eea41855fe808a46/nbformat-4.4.0-py2.py3-none-any.whl
  Saved c:\users\chok\documents\training\coursera\ml-finance\samples\handson-ml\testenv\tmp\wheelhouse\nbformat-4.4.0-py2.py3-none-any.whl
Collecting pyzmq>=17 (from notebook->jupyter->-r requirements1.txt (line 28))
  Using cached https://files.pythonhosted.org/packages/86/0b/c3583486820c01cb9c228708923004f380400ddb9064178772965067f689/pyzmq-17.1.2-cp36-cp36m-win_amd64.whl
  Saved c:\users\chok\documents\training\coursera\ml-finance\samples\handson-ml\testenv\tmp\wheelhouse\pyzmq-17.1.2-cp36-cp36m-win_amd64.whl
Collecting jinja2 (from notebook->jupyter->-r requirements1.txt (line 28))
  Using cached https://files.pythonhosted.org/packages/7f/ff/ae64bacdfc95f27a016a7bed8e8686763ba4d277a78ca76f32659220a731/Jinja2-2.10-py2.py3-none-any.whl
  Saved c:\users\chok\documents\training\coursera\ml-finance\samples\handson-ml\testenv\tmp\wheelhouse\jinja2-2.10-py2.py3-none-any.whl
Collecting Send2Trash (from notebook->jupyter->-r requirements1.txt (line 28))
  Using cached https://files.pythonhosted.org/packages/49/46/c3dc27481d1cc57b9385aff41c474ceb7714f7935b1247194adae45db714/Send2Trash-1.5.0-py3-none-any.whl
  Saved c:\users\chok\documents\training\coursera\ml-finance\samples\handson-ml\testenv\tmp\wheelhouse\send2trash-1.5.0-py3-none-any.whl
Collecting prometheus-client (from notebook->jupyter->-r requirements1.txt (line 28))
  Saved c:\users\chok\documents\training\coursera\ml-finance\samples\handson-ml\testenv\tmp\wheelhouse\prometheus_client-0.3.1-cp36-none-any.whl
Collecting terminado>=0.8.1 (from notebook->jupyter->-r requirements1.txt (line 28))
  Using cached https://files.pythonhosted.org/packages/2e/20/a26211a24425923d46e1213b376a6ee60dc30bcdf1b0c345e2c3769deb1c/terminado-0.8.1-py2.py3-none-any.whl
  Saved c:\users\chok\documents\training\coursera\ml-finance\samples\handson-ml\testenv\tmp\wheelhouse\terminado-0.8.1-py2.py3-none-any.whl
Collecting testpath (from nbconvert->jupyter->-r requirements1.txt (line 28))
  Using cached https://files.pythonhosted.org/packages/15/19/d7bc380c479a184e4a5a9ce516e4e2a773165f89b445f7cdced83d94de25/testpath-0.3.1-py2.py3-none-any.whl
  Saved c:\users\chok\documents\training\coursera\ml-finance\samples\handson-ml\testenv\tmp\wheelhouse\testpath-0.3.1-py2.py3-none-any.whl
Collecting mistune>=0.7.4 (from nbconvert->jupyter->-r requirements1.txt (line 28))
  Using cached https://files.pythonhosted.org/packages/c8/8c/87f4d359438ba0321a2ae91936030110bfcc62fef752656321a72b8c1af9/mistune-0.8.3-py2.py3-none-any.whl
  Saved c:\users\chok\documents\training\coursera\ml-finance\samples\handson-ml\testenv\tmp\wheelhouse\mistune-0.8.3-py2.py3-none-any.whl
Collecting entrypoints>=0.2.2 (from nbconvert->jupyter->-r requirements1.txt (line 28))
  Using cached https://files.pythonhosted.org/packages/cc/8b/4eefa9b47f1910b3d2081da67726b066e379b04ca897acfe9f92bac56147/entrypoints-0.2.3-py2.py3-none-any.whl
  Saved c:\users\chok\documents\training\coursera\ml-finance\samples\handson-ml\testenv\tmp\wheelhouse\entrypoints-0.2.3-py2.py3-none-any.whl
Collecting pandocfilters>=1.4.1 (from nbconvert->jupyter->-r requirements1.txt (line 28))
  Saved c:\users\chok\documents\training\coursera\ml-finance\samples\handson-ml\testenv\tmp\wheelhouse\pandocfilters-1.4.2-cp36-none-any.whl
Collecting bleach==1.5.0 (from -c constraints-chok.txt (line 6))
  Using cached https://files.pythonhosted.org/packages/33/70/86c5fec937ea4964184d4d6c4f0b9551564f821e1c3575907639036d9b90/bleach-1.5.0-py2.py3-none-any.whl
  Saved c:\users\chok\documents\training\coursera\ml-finance\samples\handson-ml\testenv\tmp\wheelhouse\bleach-1.5.0-py2.py3-none-any.whl
Collecting setuptools (from kiwisolver>=1.0.1->matplotlib->-r requirements1.txt (line 29))
  Using cached https://files.pythonhosted.org/packages/ff/f4/385715ccc461885f3cedf57a41ae3c12b5fec3f35cce4c8706b1a112a133/setuptools-40.0.0-py2.py3-none-any.whl
  Saved c:\users\chok\documents\training\coursera\ml-finance\samples\handson-ml\testenv\tmp\wheelhouse\setuptools-40.0.0-py2.py3-none-any.whl
Collecting decorator (from traitlets->qtconsole->jupyter->-r requirements1.txt (line 28))
  Using cached https://files.pythonhosted.org/packages/bc/bb/a24838832ba35baf52f32ab1a49b906b5f82fb7c76b2f6a7e35e140bac30/decorator-4.3.0-py2.py3-none-any.whl
  Saved c:\users\chok\documents\training\coursera\ml-finance\samples\handson-ml\testenv\tmp\wheelhouse\decorator-4.3.0-py2.py3-none-any.whl
Collecting colorama; sys_platform == "win32" (from ipython->jupyter-console->jupyter->-r requirements1.txt (line 28))
  Using cached https://files.pythonhosted.org/packages/db/c8/7dcf9dbcb22429512708fe3a547f8b6101c0d02137acbd892505aee57adf/colorama-0.3.9-py2.py3-none-any.whl
  Saved c:\users\chok\documents\training\coursera\ml-finance\samples\handson-ml\testenv\tmp\wheelhouse\colorama-0.3.9-py2.py3-none-any.whl
Collecting jedi>=0.10 (from ipython->jupyter-console->jupyter->-r requirements1.txt (line 28))
  Using cached https://files.pythonhosted.org/packages/3d/68/8bbf0ef969095a13ba0d4c77c1945bd86e9811960d052510551d29a2f23b/jedi-0.12.1-py2.py3-none-any.whl
  Saved c:\users\chok\documents\training\coursera\ml-finance\samples\handson-ml\testenv\tmp\wheelhouse\jedi-0.12.1-py2.py3-none-any.whl
Collecting simplegeneric>0.8 (from ipython->jupyter-console->jupyter->-r requirements1.txt (line 28))
  Saved c:\users\chok\documents\training\coursera\ml-finance\samples\handson-ml\testenv\tmp\wheelhouse\simplegeneric-0.8.1-cp36-none-any.whl
Collecting pickleshare (from ipython->jupyter-console->jupyter->-r requirements1.txt (line 28))
  Using cached https://files.pythonhosted.org/packages/9f/17/daa142fc9be6b76f26f24eeeb9a138940671490b91cb5587393f297c8317/pickleshare-0.7.4-py2.py3-none-any.whl
  Saved c:\users\chok\documents\training\coursera\ml-finance\samples\handson-ml\testenv\tmp\wheelhouse\pickleshare-0.7.4-py2.py3-none-any.whl
Collecting backcall (from ipython->jupyter-console->jupyter->-r requirements1.txt (line 28))
  Saved c:\users\chok\documents\training\coursera\ml-finance\samples\handson-ml\testenv\tmp\wheelhouse\backcall-0.1.0-cp36-none-any.whl
Collecting wcwidth (from prompt-toolkit<2.0.0,>=1.0.0->jupyter-console->jupyter->-r requirements1.txt (line 28))
  Using cached https://files.pythonhosted.org/packages/7e/9f/526a6947247599b084ee5232e4f9190a38f398d7300d866af3ab571a5bfe/wcwidth-0.1.7-py2.py3-none-any.whl
  Saved c:\users\chok\documents\training\coursera\ml-finance\samples\handson-ml\testenv\tmp\wheelhouse\wcwidth-0.1.7-py2.py3-none-any.whl
Collecting jsonschema!=2.5.0,>=2.4 (from nbformat>=4.2.0->ipywidgets->jupyter->-r requirements1.txt (line 28))
  Using cached https://files.pythonhosted.org/packages/77/de/47e35a97b2b05c2fadbec67d44cfcdcd09b8086951b331d82de90d2912da/jsonschema-2.6.0-py2.py3-none-any.whl
  Saved c:\users\chok\documents\training\coursera\ml-finance\samples\handson-ml\testenv\tmp\wheelhouse\jsonschema-2.6.0-py2.py3-none-any.whl
Collecting MarkupSafe>=0.23 (from jinja2->notebook->jupyter->-r requirements1.txt (line 28))
  Saved c:\users\chok\documents\training\coursera\ml-finance\samples\handson-ml\testenv\tmp\wheelhouse\markupsafe-1.0-cp36-cp36m-win_amd64.whl
Collecting pywinpty>=0.5; os_name == "nt" (from terminado>=0.8.1->notebook->jupyter->-r requirements1.txt (line 28))
  Using cached https://files.pythonhosted.org/packages/96/b8/fe0669423dd6a7bbac22fb56bd8a740c674f22e90fd5ecb9ac6c68789a7b/pywinpty-0.5.4-cp36-cp36m-win_amd64.whl
  Saved c:\users\chok\documents\training\coursera\ml-finance\samples\handson-ml\testenv\tmp\wheelhouse\pywinpty-0.5.4-cp36-cp36m-win_amd64.whl
Collecting html5lib!=0.9999,!=0.99999,<0.99999999,>=0.999 (from bleach==1.5.0->-c constraints-chok.txt (line 6))
  Saved c:\users\chok\documents\training\coursera\ml-finance\samples\handson-ml\testenv\tmp\wheelhouse\html5lib-0.9999999-cp36-none-any.whl
Collecting parso>=0.3.0 (from jedi>=0.10->ipython->jupyter-console->jupyter->-r requirements1.txt (line 28))
  Using cached https://files.pythonhosted.org/packages/09/51/9c48a46334be50c13d25a3afe55fa05c445699304c5ad32619de953a2305/parso-0.3.1-py2.py3-none-any.whl
  Saved c:\users\chok\documents\training\coursera\ml-finance\samples\handson-ml\testenv\tmp\wheelhouse\parso-0.3.1-py2.py3-none-any.whl
Skipping numpy, due to already being wheel.
Skipping bleach, due to already being wheel.
Skipping jupyter, due to already being wheel.
Skipping matplotlib, due to already being wheel.
Skipping mkl, due to already being wheel.
Skipping pandas, due to already being wheel.
Skipping scipy, due to already being wheel.
Skipping tornado, due to already being wheel.
Skipping qtconsole, due to already being wheel.
Skipping jupyter-console, due to already being wheel.
Skipping ipywidgets, due to already being wheel.
Skipping ipykernel, due to already being wheel.
Skipping notebook, due to already being wheel.
Skipping nbconvert, due to already being wheel.
Skipping python-dateutil, due to already being wheel.
Skipping pytz, due to already being wheel.
Skipping kiwisolver, due to already being wheel.
Skipping pyparsing, due to already being wheel.
Skipping six, due to already being wheel.
Skipping cycler, due to already being wheel.
Skipping intel-openmp, due to already being wheel.
Skipping pygments, due to already being wheel.
Skipping jupyter-core, due to already being wheel.
Skipping jupyter-client, due to already being wheel.
Skipping traitlets, due to already being wheel.
Skipping ipython-genutils, due to already being wheel.
Skipping ipython, due to already being wheel.
Skipping prompt-toolkit, due to already being wheel.
Skipping widgetsnbextension, due to already being wheel.
Skipping nbformat, due to already being wheel.
Skipping pyzmq, due to already being wheel.
Skipping jinja2, due to already being wheel.
Skipping Send2Trash, due to already being wheel.
Skipping prometheus-client, due to already being wheel.
Skipping terminado, due to already being wheel.
Skipping testpath, due to already being wheel.
Skipping mistune, due to already being wheel.
Skipping entrypoints, due to already being wheel.
Skipping pandocfilters, due to already being wheel.
Skipping setuptools, due to already being wheel.
Skipping decorator, due to already being wheel.
Skipping colorama, due to already being wheel.
Skipping jedi, due to already being wheel.
Skipping simplegeneric, due to already being wheel.
Skipping pickleshare, due to already being wheel.
Skipping backcall, due to already being wheel.
Skipping wcwidth, due to already being wheel.
Skipping jsonschema, due to already being wheel.
Skipping MarkupSafe, due to already being wheel.
Skipping pywinpty, due to already being wheel.
Skipping html5lib, due to already being wheel.
Skipping parso, due to already being wheel.
Looking in links: C:\Users\chok\Documents\Training\Coursera\ML-Finance\samples\handson-ml\testenv\tmp\wheelhouse
Collecting numpy<=1.14.5,>=1.13.3 (from -c constraints-chok.txt (line 2))
Collecting jupyter (from -r requirements1.txt (line 28))
Collecting matplotlib (from -r requirements1.txt (line 29))
Collecting mkl (from -r requirements1.txt (line 30))
Collecting pandas (from -r requirements1.txt (line 32))
Collecting scipy (from -r requirements1.txt (line 33))
Collecting tornado (from -r requirements1.txt (line 36))
Collecting qtconsole (from jupyter->-r requirements1.txt (line 28))
Collecting notebook (from jupyter->-r requirements1.txt (line 28))
Collecting ipywidgets (from jupyter->-r requirements1.txt (line 28))
Collecting ipykernel (from jupyter->-r requirements1.txt (line 28))
Collecting nbconvert (from jupyter->-r requirements1.txt (line 28))
Collecting jupyter-console (from jupyter->-r requirements1.txt (line 28))
Collecting six>=1.10 (from matplotlib->-r requirements1.txt (line 29))
Collecting kiwisolver>=1.0.1 (from matplotlib->-r requirements1.txt (line 29))
Collecting python-dateutil>=2.1 (from matplotlib->-r requirements1.txt (line 29))
Collecting cycler>=0.10 (from matplotlib->-r requirements1.txt (line 29))
Collecting pyparsing!=2.0.4,!=2.1.2,!=2.1.6,>=2.0.1 (from matplotlib->-r requirements1.txt (line 29))
Collecting pytz (from matplotlib->-r requirements1.txt (line 29))
Collecting intel-openmp==2018.0.3 (from mkl->-r requirements1.txt (line 30))
Collecting jupyter-core (from qtconsole->jupyter->-r requirements1.txt (line 28))
Collecting pygments (from qtconsole->jupyter->-r requirements1.txt (line 28))
Collecting ipython-genutils (from qtconsole->jupyter->-r requirements1.txt (line 28))
Collecting traitlets (from qtconsole->jupyter->-r requirements1.txt (line 28))
Collecting jupyter-client>=4.1 (from qtconsole->jupyter->-r requirements1.txt (line 28))
Collecting nbformat (from notebook->jupyter->-r requirements1.txt (line 28))
Collecting Send2Trash (from notebook->jupyter->-r requirements1.txt (line 28))
Collecting terminado>=0.8.1 (from notebook->jupyter->-r requirements1.txt (line 28))
Collecting jinja2 (from notebook->jupyter->-r requirements1.txt (line 28))
Collecting prometheus-client (from notebook->jupyter->-r requirements1.txt (line 28))
Collecting pyzmq>=17 (from notebook->jupyter->-r requirements1.txt (line 28))
Collecting ipython>=4.0.0; python_version >= "3.3" (from ipywidgets->jupyter->-r requirements1.txt (line 28))
Collecting widgetsnbextension~=3.4.0 (from ipywidgets->jupyter->-r requirements1.txt (line 28))
Collecting testpath (from nbconvert->jupyter->-r requirements1.txt (line 28))
Collecting mistune>=0.7.4 (from nbconvert->jupyter->-r requirements1.txt (line 28))
Collecting pandocfilters>=1.4.1 (from nbconvert->jupyter->-r requirements1.txt (line 28))
Collecting bleach==1.5.0 (from -c constraints-chok.txt (line 6))
Collecting entrypoints>=0.2.2 (from nbconvert->jupyter->-r requirements1.txt (line 28))
Collecting prompt-toolkit<2.0.0,>=1.0.0 (from jupyter-console->jupyter->-r requirements1.txt (line 28))
Requirement already satisfied: setuptools in c:\users\chok\documents\training\coursera\ml-finance\samples\handson-ml\testenv\lib\site-packages (from kiwisolver>=1.0.1->matplotlib->-r requirements1.txt (line 29)) (40.0.0)
Collecting decorator (from traitlets->qtconsole->jupyter->-r requirements1.txt (line 28))
Collecting jsonschema!=2.5.0,>=2.4 (from nbformat->notebook->jupyter->-r requirements1.txt (line 28))
Collecting pywinpty>=0.5; os_name == "nt" (from terminado>=0.8.1->notebook->jupyter->-r requirements1.txt (line 28))
Collecting MarkupSafe>=0.23 (from jinja2->notebook->jupyter->-r requirements1.txt (line 28))
Collecting jedi>=0.10 (from ipython>=4.0.0; python_version >= "3.3"->ipywidgets->jupyter->-r requirements1.txt (line 28))
Collecting colorama; sys_platform == "win32" (from ipython>=4.0.0; python_version >= "3.3"->ipywidgets->jupyter->-r requirements1.txt (line 28))
Collecting simplegeneric>0.8 (from ipython>=4.0.0; python_version >= "3.3"->ipywidgets->jupyter->-r requirements1.txt (line 28))
Collecting pickleshare (from ipython>=4.0.0; python_version >= "3.3"->ipywidgets->jupyter->-r requirements1.txt (line 28))
Collecting backcall (from ipython>=4.0.0; python_version >= "3.3"->ipywidgets->jupyter->-r requirements1.txt (line 28))
Collecting html5lib!=0.9999,!=0.99999,<0.99999999,>=0.999 (from bleach==1.5.0->-c constraints-chok.txt (line 6))
Collecting wcwidth (from prompt-toolkit<2.0.0,>=1.0.0->jupyter-console->jupyter->-r requirements1.txt (line 28))
Collecting parso>=0.3.0 (from jedi>=0.10->ipython>=4.0.0; python_version >= "3.3"->ipywidgets->jupyter->-r requirements1.txt (line 28))
Installing collected packages: numpy, six, html5lib, bleach, ipython-genutils, decorator, traitlets, jupyter-core, pygments, wcwidth, prompt-toolkit, parso, jedi, colorama, simplegeneric, pickleshare, backcall, ipython, python-dateutil, tornado, pyzmq, jupyter-client, ipykernel, qtconsole, jsonschema, nbformat, Send2Trash, pywinpty, terminado, MarkupSafe, jinja2, prometheus-client, testpath, mistune, pandocfilters, entrypoints, nbconvert, notebook, widgetsnbextension, ipywidgets, jupyter-console, jupyter, kiwisolver, cycler, pyparsing, pytz, matplotlib, intel-openmp, mkl, pandas, scipy
Successfully installed MarkupSafe-1.0 Send2Trash-1.5.0 backcall-0.1.0 bleach-1.5.0 colorama-0.3.9 cycler-0.10.0 decorator-4.3.0 entrypoints-0.2.3 html5lib-0.9999999 intel-openmp-2018.0.3 ipykernel-4.8.2 ipython-6.5.0 ipython-genutils-0.2.0 ipywidgets-7.4.0 jedi-0.12.1 jinja2-2.10 jsonschema-2.6.0 jupyter-1.0.0 jupyter-client-5.2.3 jupyter-console-5.2.0 jupyter-core-4.4.0 kiwisolver-1.0.1 matplotlib-2.2.3 mistune-0.8.3 mkl-2018.0.3 nbconvert-5.3.1 nbformat-4.4.0 notebook-5.6.0 numpy-1.14.5 pandas-0.23.4 pandocfilters-1.4.2 parso-0.3.1 pickleshare-0.7.4 prometheus-client-0.3.1 prompt-toolkit-1.0.15 pygments-2.2.0 pyparsing-2.2.0 python-dateutil-2.7.3 pytz-2018.5 pywinpty-0.5.4 pyzmq-17.1.2 qtconsole-4.4.0 scipy-1.1.0 simplegeneric-0.8.1 six-1.11.0 terminado-0.8.1 testpath-0.3.1 tornado-5.1 traitlets-4.3.2 wcwidth-0.1.7 widgetsnbextension-3.4.0
Collecting bleach==1.5.0 (from -c constraints-chok.txt (line 6))
  File was already downloaded c:\users\chok\documents\training\coursera\ml-finance\samples\handson-ml\testenv\tmp\wheelhouse\bleach-1.5.0-py2.py3-none-any.whl
Collecting jupyter-tensorboard==0.1.6 (from -c constraints-chok.txt (line 8))
  Using cached https://files.pythonhosted.org/packages/60/c1/edb08cfe63cfa3f94716420ffaf186d9473c1a83eeabbd08cc5ae5679cd4/jupyter_tensorboard-0.1.6.tar.gz
Collecting scikit-learn (from -r requirements2.txt (line 29))
  Using cached https://files.pythonhosted.org/packages/da/bf/05b08c952a73b6e7ab3700c4d2bc2d466bdfa990ef7f2d4d8a5eaa8d6c0b/scikit_learn-0.19.2-cp36-cp36m-win_amd64.whl
  Saved c:\users\chok\documents\training\coursera\ml-finance\samples\handson-ml\testenv\tmp\wheelhouse\scikit_learn-0.19.2-cp36-cp36m-win_amd64.whl
Collecting tensorflow (from -r requirements2.txt (line 41))
  Using cached https://files.pythonhosted.org/packages/0e/2a/c3fe6035f0a8726e5b210680af3ccaf826f4a64ce7306e57017aba749447/tensorflow-1.10.0-cp36-cp36m-win_amd64.whl
  Saved c:\users\chok\documents\training\coursera\ml-finance\samples\handson-ml\testenv\tmp\wheelhouse\tensorflow-1.10.0-cp36-cp36m-win_amd64.whl
Collecting Keras (from -r requirements2.txt (line 48))
  Using cached https://files.pythonhosted.org/packages/34/7d/b1dedde8af99bd82f20ed7e9697aac0597de3049b1f786aa2aac3b9bd4da/Keras-2.2.2-py2.py3-none-any.whl
  Saved c:\users\chok\documents\training\coursera\ml-finance\samples\handson-ml\testenv\tmp\wheelhouse\keras-2.2.2-py2.py3-none-any.whl
Collecting imageio (from -r requirements2.txt (line 60))
  Using cached https://files.pythonhosted.org/packages/a7/1d/33c8686072148b3b0fcc12a2e0857dd8316b8ae20a0fa66c8d6a6d01c05c/imageio-2.3.0-py2.py3-none-any.whl
  Saved c:\users\chok\documents\training\coursera\ml-finance\samples\handson-ml\testenv\tmp\wheelhouse\imageio-2.3.0-py2.py3-none-any.whl
Collecting Pillow (from -r requirements2.txt (line 61))
  Using cached https://files.pythonhosted.org/packages/1b/50/869910cd7110157fbefd0fed3db3656c1951f1bceecdd00e3716aa269609/Pillow-5.2.0-cp36-cp36m-win_amd64.whl
  Saved c:\users\chok\documents\training\coursera\ml-finance\samples\handson-ml\testenv\tmp\wheelhouse\pillow-5.2.0-cp36-cp36m-win_amd64.whl
Collecting scikit-image (from -r requirements2.txt (line 62))
  Using cached https://files.pythonhosted.org/packages/28/c1/48848cbd80154d5f3c6b4f57ee9855c6989ab4b3e841a74c8f38088256cb/scikit_image-0.14.0-cp36-none-win_amd64.whl
  Saved c:\users\chok\documents\training\coursera\ml-finance\samples\handson-ml\testenv\tmp\wheelhouse\scikit_image-0.14.0-cp36-none-win_amd64.whl
Collecting nbdime (from -r requirements2.txt (line 68))
  Using cached https://files.pythonhosted.org/packages/d5/03/2624a4bd252dc80c3ffbb190ea92777958da05d08d1c0cbc097f12fa6bff/nbdime-1.0.2-py2.py3-none-any.whl
  Saved c:\users\chok\documents\training\coursera\ml-finance\samples\handson-ml\testenv\tmp\wheelhouse\nbdime-1.0.2-py2.py3-none-any.whl
Collecting numexpr (from -r requirements2.txt (line 72))
  Using cached https://files.pythonhosted.org/packages/6e/bd/0a30b42611f3a0cf446ace15fbf178a81b357646597c8def72156dc6ca3b/numexpr-2.6.7-cp36-none-win_amd64.whl
  Saved c:\users\chok\documents\training\coursera\ml-finance\samples\handson-ml\testenv\tmp\wheelhouse\numexpr-2.6.7-cp36-none-win_amd64.whl
Collecting nltk (from -r requirements2.txt (line 76))
  Saved c:\users\chok\documents\training\coursera\ml-finance\samples\handson-ml\testenv\tmp\wheelhouse\nltk-3.3-cp36-none-any.whl
Collecting urlextract (from -r requirements2.txt (line 77))
  Saved c:\users\chok\documents\training\coursera\ml-finance\samples\handson-ml\testenv\tmp\wheelhouse\urlextract-0.8.3-cp36-none-any.whl
Collecting jupyter-contrib-nbextensions (from -r requirements2.txt (line 85))
  Using cached https://files.pythonhosted.org/packages/d2/f1/57cd4d05d7f070e662844a925d6f6d726ecaf93d8cc2d7b56a66c765fb42/jupyter_contrib_nbextensions-0.5.0-py2.py3-none-any.whl
  Saved c:\users\chok\documents\training\coursera\ml-finance\samples\handson-ml\testenv\tmp\wheelhouse\jupyter_contrib_nbextensions-0.5.0-py2.py3-none-any.whl
Collecting html5lib!=0.9999,!=0.99999,<0.99999999,>=0.999 (from bleach==1.5.0->-c constraints-chok.txt (line 6))
  File was already downloaded c:\users\chok\documents\training\coursera\ml-finance\samples\handson-ml\testenv\tmp\wheelhouse\html5lib-0.9999999-cp36-none-any.whl
Collecting six (from bleach==1.5.0->-c constraints-chok.txt (line 6))
  File was already downloaded c:\users\chok\documents\training\coursera\ml-finance\samples\handson-ml\testenv\tmp\wheelhouse\six-1.11.0-py2.py3-none-any.whl
Collecting notebook>=5.0 (from jupyter-tensorboard==0.1.6->-c constraints-chok.txt (line 8))
  File was already downloaded c:\users\chok\documents\training\coursera\ml-finance\samples\handson-ml\testenv\tmp\wheelhouse\notebook-5.6.0-py2.py3-none-any.whl
Collecting gast>=0.2.0 (from tensorflow->-r requirements2.txt (line 41))
  Saved c:\users\chok\documents\training\coursera\ml-finance\samples\handson-ml\testenv\tmp\wheelhouse\gast-0.2.0-cp36-none-any.whl
Collecting termcolor>=1.1.0 (from tensorflow->-r requirements2.txt (line 41))
  Saved c:\users\chok\documents\training\coursera\ml-finance\samples\handson-ml\testenv\tmp\wheelhouse\termcolor-1.1.0-cp36-none-any.whl
Collecting absl-py>=0.1.6 (from tensorflow->-r requirements2.txt (line 41))
  Saved c:\users\chok\documents\training\coursera\ml-finance\samples\handson-ml\testenv\tmp\wheelhouse\absl_py-0.4.0-cp36-none-any.whl
Collecting protobuf>=3.6.0 (from tensorflow->-r requirements2.txt (line 41))
  Using cached https://files.pythonhosted.org/packages/e8/df/d606d07cff0fc8d22abcc54006c0247002d11a7f2d218eb008d48e76851d/protobuf-3.6.1-cp36-cp36m-win_amd64.whl
  Saved c:\users\chok\documents\training\coursera\ml-finance\samples\handson-ml\testenv\tmp\wheelhouse\protobuf-3.6.1-cp36-cp36m-win_amd64.whl
Collecting wheel>=0.26 (from tensorflow->-r requirements2.txt (line 41))
  Using cached https://files.pythonhosted.org/packages/81/30/e935244ca6165187ae8be876b6316ae201b71485538ffac1d718843025a9/wheel-0.31.1-py2.py3-none-any.whl
  Saved c:\users\chok\documents\training\coursera\ml-finance\samples\handson-ml\testenv\tmp\wheelhouse\wheel-0.31.1-py2.py3-none-any.whl
Collecting tensorboard<1.11.0,>=1.10.0 (from tensorflow->-r requirements2.txt (line 41))
  Using cached https://files.pythonhosted.org/packages/c6/17/ecd918a004f297955c30b4fffbea100b1606c225dbf0443264012773c3ff/tensorboard-1.10.0-py3-none-any.whl
  Saved c:\users\chok\documents\training\coursera\ml-finance\samples\handson-ml\testenv\tmp\wheelhouse\tensorboard-1.10.0-py3-none-any.whl
Collecting grpcio>=1.8.6 (from tensorflow->-r requirements2.txt (line 41))
  Using cached https://files.pythonhosted.org/packages/f0/b8/cd13f956c290df74e5ff2b549f4afb090c06326d597101d4db3f9b4308eb/grpcio-1.14.1-cp36-cp36m-win_amd64.whl
  Saved c:\users\chok\documents\training\coursera\ml-finance\samples\handson-ml\testenv\tmp\wheelhouse\grpcio-1.14.1-cp36-cp36m-win_amd64.whl
Collecting numpy<=1.14.5,>=1.13.3 (from -c constraints-chok.txt (line 2))
  File was already downloaded c:\users\chok\documents\training\coursera\ml-finance\samples\handson-ml\testenv\tmp\wheelhouse\numpy-1.14.5-cp36-none-win_amd64.whl
Collecting astor>=0.6.0 (from tensorflow->-r requirements2.txt (line 41))
  Using cached https://files.pythonhosted.org/packages/35/6b/11530768cac581a12952a2aad00e1526b89d242d0b9f59534ef6e6a1752f/astor-0.7.1-py2.py3-none-any.whl
  Saved c:\users\chok\documents\training\coursera\ml-finance\samples\handson-ml\testenv\tmp\wheelhouse\astor-0.7.1-py2.py3-none-any.whl
Collecting setuptools<=39.1.0 (from tensorflow->-r requirements2.txt (line 41))
  Using cached https://files.pythonhosted.org/packages/8c/10/79282747f9169f21c053c562a0baa21815a8c7879be97abd930dbcf862e8/setuptools-39.1.0-py2.py3-none-any.whl
  Saved c:\users\chok\documents\training\coursera\ml-finance\samples\handson-ml\testenv\tmp\wheelhouse\setuptools-39.1.0-py2.py3-none-any.whl
Collecting h5py (from Keras->-r requirements2.txt (line 48))
  Using cached https://files.pythonhosted.org/packages/12/6c/00c38c5ce9322f1cc421d93217c44739646a106c61859622eccc297a5c05/h5py-2.8.0-cp36-cp36m-win_amd64.whl
  Saved c:\users\chok\documents\training\coursera\ml-finance\samples\handson-ml\testenv\tmp\wheelhouse\h5py-2.8.0-cp36-cp36m-win_amd64.whl
Collecting keras-applications==1.0.4 (from Keras->-r requirements2.txt (line 48))
  Using cached https://files.pythonhosted.org/packages/54/90/8f327deaa37a71caddb59b7b4aaa9d4b3e90c0e76f8c2d1572005278ddc5/Keras_Applications-1.0.4-py2.py3-none-any.whl
  Saved c:\users\chok\documents\training\coursera\ml-finance\samples\handson-ml\testenv\tmp\wheelhouse\keras_applications-1.0.4-py2.py3-none-any.whl
Collecting pyyaml (from Keras->-r requirements2.txt (line 48))
  Using cached https://files.pythonhosted.org/packages/4f/ca/5fad249c5032270540c24d2189b0ddf1396aac49b0bdc548162edcf14131/PyYAML-3.13-cp36-cp36m-win_amd64.whl
  Saved c:\users\chok\documents\training\coursera\ml-finance\samples\handson-ml\testenv\tmp\wheelhouse\pyyaml-3.13-cp36-cp36m-win_amd64.whl
Collecting scipy>=0.14 (from Keras->-r requirements2.txt (line 48))
  File was already downloaded c:\users\chok\documents\training\coursera\ml-finance\samples\handson-ml\testenv\tmp\wheelhouse\scipy-1.1.0-cp36-none-win_amd64.whl
Collecting keras-preprocessing==1.0.2 (from Keras->-r requirements2.txt (line 48))
  Using cached https://files.pythonhosted.org/packages/71/26/1e778ebd737032749824d5cba7dbd3b0cf9234b87ab5ec79f5f0403ca7e9/Keras_Preprocessing-1.0.2-py2.py3-none-any.whl
  Saved c:\users\chok\documents\training\coursera\ml-finance\samples\handson-ml\testenv\tmp\wheelhouse\keras_preprocessing-1.0.2-py2.py3-none-any.whl
Collecting cloudpickle>=0.2.1 (from scikit-image->-r requirements2.txt (line 62))
  Using cached https://files.pythonhosted.org/packages/e7/bf/60ae7ec1e8c6742d2abbb6819c39a48ee796793bcdb7e1d5e41a3e379ddd/cloudpickle-0.5.3-py2.py3-none-any.whl
  Saved c:\users\chok\documents\training\coursera\ml-finance\samples\handson-ml\testenv\tmp\wheelhouse\cloudpickle-0.5.3-py2.py3-none-any.whl
Collecting dask[array]>=0.9.0 (from scikit-image->-r requirements2.txt (line 62))
  Using cached https://files.pythonhosted.org/packages/91/52/427541141707ac533a6dcafa3bff7ff8b57ded3c9ea84d6ec014d15fbbff/dask-0.18.2-py2.py3-none-any.whl
  Saved c:\users\chok\documents\training\coursera\ml-finance\samples\handson-ml\testenv\tmp\wheelhouse\dask-0.18.2-py2.py3-none-any.whl
Collecting networkx>=1.8 (from scikit-image->-r requirements2.txt (line 62))
  Saved c:\users\chok\documents\training\coursera\ml-finance\samples\handson-ml\testenv\tmp\wheelhouse\networkx-2.1-py2.py3-none-any.whl
Collecting PyWavelets>=0.4.0 (from scikit-image->-r requirements2.txt (line 62))
  Using cached https://files.pythonhosted.org/packages/30/cf/36a939614f09ca09ac3d33f00786152ee7f422f6ee4490b06a99da6723ee/PyWavelets-0.5.2-cp36-none-win_amd64.whl
  Saved c:\users\chok\documents\training\coursera\ml-finance\samples\handson-ml\testenv\tmp\wheelhouse\pywavelets-0.5.2-cp36-none-win_amd64.whl
Collecting tornado (from nbdime->-r requirements2.txt (line 68))
  File was already downloaded c:\users\chok\documents\training\coursera\ml-finance\samples\handson-ml\testenv\tmp\wheelhouse\tornado-5.1-cp36-cp36m-win_amd64.whl
Collecting GitPython!=2.1.4,!=2.1.5,!=2.1.6 (from nbdime->-r requirements2.txt (line 68))
  Using cached https://files.pythonhosted.org/packages/fe/e5/fafe827507644c32d6dc553a1c435cdf882e0c28918a5bab29f7fbebfb70/GitPython-2.1.11-py2.py3-none-any.whl
  Saved c:\users\chok\documents\training\coursera\ml-finance\samples\handson-ml\testenv\tmp\wheelhouse\gitpython-2.1.11-py2.py3-none-any.whl
Collecting nbformat (from nbdime->-r requirements2.txt (line 68))
  File was already downloaded c:\users\chok\documents\training\coursera\ml-finance\samples\handson-ml\testenv\tmp\wheelhouse\nbformat-4.4.0-py2.py3-none-any.whl
Collecting requests (from nbdime->-r requirements2.txt (line 68))
  Using cached https://files.pythonhosted.org/packages/65/47/7e02164a2a3db50ed6d8a6ab1d6d60b69c4c3fdf57a284257925dfc12bda/requests-2.19.1-py2.py3-none-any.whl
  Saved c:\users\chok\documents\training\coursera\ml-finance\samples\handson-ml\testenv\tmp\wheelhouse\requests-2.19.1-py2.py3-none-any.whl
Collecting jinja2>=2.9 (from nbdime->-r requirements2.txt (line 68))
  File was already downloaded c:\users\chok\documents\training\coursera\ml-finance\samples\handson-ml\testenv\tmp\wheelhouse\Jinja2-2.10-py2.py3-none-any.whl
Collecting colorama (from nbdime->-r requirements2.txt (line 68))
  File was already downloaded c:\users\chok\documents\training\coursera\ml-finance\samples\handson-ml\testenv\tmp\wheelhouse\colorama-0.3.9-py2.py3-none-any.whl
Collecting idna (from urlextract->-r requirements2.txt (line 77))
  Using cached https://files.pythonhosted.org/packages/4b/2a/0276479a4b3caeb8a8c1af2f8e4355746a97fab05a372e4a2c6a6b876165/idna-2.7-py2.py3-none-any.whl
  Saved c:\users\chok\documents\training\coursera\ml-finance\samples\handson-ml\testenv\tmp\wheelhouse\idna-2.7-py2.py3-none-any.whl
Collecting uritools (from urlextract->-r requirements2.txt (line 77))
  Using cached https://files.pythonhosted.org/packages/8c/5d/ef3cd3c40b4b97f0cb50cee8e4c5a8a4abc30953e1c7ce7e0d25cb2534c3/uritools-2.2.0-py2.py3-none-any.whl
  Saved c:\users\chok\documents\training\coursera\ml-finance\samples\handson-ml\testenv\tmp\wheelhouse\uritools-2.2.0-py2.py3-none-any.whl
Collecting jupyter-core (from jupyter-contrib-nbextensions->-r requirements2.txt (line 85))
  File was already downloaded c:\users\chok\documents\training\coursera\ml-finance\samples\handson-ml\testenv\tmp\wheelhouse\jupyter_core-4.4.0-py2.py3-none-any.whl
Collecting nbconvert>=4.2 (from jupyter-contrib-nbextensions->-r requirements2.txt (line 85))
  File was already downloaded c:\users\chok\documents\training\coursera\ml-finance\samples\handson-ml\testenv\tmp\wheelhouse\nbconvert-5.3.1-py2.py3-none-any.whl
Collecting jupyter-contrib-core>=0.3.3 (from jupyter-contrib-nbextensions->-r requirements2.txt (line 85))
  Using cached https://files.pythonhosted.org/packages/e6/8f/04a752a8b66a66e7092c035e5d87d2502ac7ec07f9fb6059059b6c0dc272/jupyter_contrib_core-0.3.3-py2.py3-none-any.whl
  Saved c:\users\chok\documents\training\coursera\ml-finance\samples\handson-ml\testenv\tmp\wheelhouse\jupyter_contrib_core-0.3.3-py2.py3-none-any.whl
Collecting jupyter-latex-envs>=1.3.8 (from jupyter-contrib-nbextensions->-r requirements2.txt (line 85))
  Saved c:\users\chok\documents\training\coursera\ml-finance\samples\handson-ml\testenv\tmp\wheelhouse\jupyter_latex_envs-1.4.4-py2.py3-none-any.whl
Collecting jupyter-nbextensions-configurator>=0.4.0 (from jupyter-contrib-nbextensions->-r requirements2.txt (line 85))
  Using cached https://files.pythonhosted.org/packages/d1/d8/6bf103e0eafd17caef39c37ff70b8d61bfb21cc8cd91c81ba51755421a34/jupyter_nbextensions_configurator-0.4.0-py2.py3-none-any.whl
  Saved c:\users\chok\documents\training\coursera\ml-finance\samples\handson-ml\testenv\tmp\wheelhouse\jupyter_nbextensions_configurator-0.4.0-py2.py3-none-any.whl
Collecting ipython-genutils (from jupyter-contrib-nbextensions->-r requirements2.txt (line 85))
  File was already downloaded c:\users\chok\documents\training\coursera\ml-finance\samples\handson-ml\testenv\tmp\wheelhouse\ipython_genutils-0.2.0-py2.py3-none-any.whl
Collecting traitlets>=4.1 (from jupyter-contrib-nbextensions->-r requirements2.txt (line 85))
  File was already downloaded c:\users\chok\documents\training\coursera\ml-finance\samples\handson-ml\testenv\tmp\wheelhouse\traitlets-4.3.2-py2.py3-none-any.whl
Collecting lxml (from jupyter-contrib-nbextensions->-r requirements2.txt (line 85))
  Using cached https://files.pythonhosted.org/packages/23/62/ef6fdf5b12e2e79ec144e781a74b74c8281a1f00c9f784c848069a9dbf03/lxml-4.2.4-cp36-cp36m-win_amd64.whl
  Saved c:\users\chok\documents\training\coursera\ml-finance\samples\handson-ml\testenv\tmp\wheelhouse\lxml-4.2.4-cp36-cp36m-win_amd64.whl
Collecting jupyter-highlight-selected-word>=0.1.1 (from jupyter-contrib-nbextensions->-r requirements2.txt (line 85))
  Using cached https://files.pythonhosted.org/packages/50/d7/19ab7cfd60bf268d2abbacc52d4295a40f52d74dfc0d938e4761ee5e598b/jupyter_highlight_selected_word-0.2.0-py2.py3-none-any.whl
  Saved c:\users\chok\documents\training\coursera\ml-finance\samples\handson-ml\testenv\tmp\wheelhouse\jupyter_highlight_selected_word-0.2.0-py2.py3-none-any.whl
Collecting jupyter-client>=5.2.0 (from notebook>=5.0->jupyter-tensorboard==0.1.6->-c constraints-chok.txt (line 8))
  File was already downloaded c:\users\chok\documents\training\coursera\ml-finance\samples\handson-ml\testenv\tmp\wheelhouse\jupyter_client-5.2.3-py2.py3-none-any.whl
Collecting Send2Trash (from notebook>=5.0->jupyter-tensorboard==0.1.6->-c constraints-chok.txt (line 8))
  File was already downloaded c:\users\chok\documents\training\coursera\ml-finance\samples\handson-ml\testenv\tmp\wheelhouse\Send2Trash-1.5.0-py3-none-any.whl
Collecting pyzmq>=17 (from notebook>=5.0->jupyter-tensorboard==0.1.6->-c constraints-chok.txt (line 8))
  File was already downloaded c:\users\chok\documents\training\coursera\ml-finance\samples\handson-ml\testenv\tmp\wheelhouse\pyzmq-17.1.2-cp36-cp36m-win_amd64.whl
Collecting terminado>=0.8.1 (from notebook>=5.0->jupyter-tensorboard==0.1.6->-c constraints-chok.txt (line 8))
  File was already downloaded c:\users\chok\documents\training\coursera\ml-finance\samples\handson-ml\testenv\tmp\wheelhouse\terminado-0.8.1-py2.py3-none-any.whl
Collecting ipykernel (from notebook>=5.0->jupyter-tensorboard==0.1.6->-c constraints-chok.txt (line 8))
  File was already downloaded c:\users\chok\documents\training\coursera\ml-finance\samples\handson-ml\testenv\tmp\wheelhouse\ipykernel-4.8.2-py3-none-any.whl
Collecting prometheus-client (from notebook>=5.0->jupyter-tensorboard==0.1.6->-c constraints-chok.txt (line 8))
  File was already downloaded c:\users\chok\documents\training\coursera\ml-finance\samples\handson-ml\testenv\tmp\wheelhouse\prometheus_client-0.3.1-cp36-none-any.whl
Collecting werkzeug>=0.11.10 (from tensorboard<1.11.0,>=1.10.0->tensorflow->-r requirements2.txt (line 41))
  Using cached https://files.pythonhosted.org/packages/20/c4/12e3e56473e52375aa29c4764e70d1b8f3efa6682bef8d0aae04fe335243/Werkzeug-0.14.1-py2.py3-none-any.whl
  Saved c:\users\chok\documents\training\coursera\ml-finance\samples\handson-ml\testenv\tmp\wheelhouse\werkzeug-0.14.1-py2.py3-none-any.whl
Collecting markdown>=2.6.8 (from tensorboard<1.11.0,>=1.10.0->tensorflow->-r requirements2.txt (line 41))
  Using cached https://files.pythonhosted.org/packages/6d/7d/488b90f470b96531a3f5788cf12a93332f543dbab13c423a5e7ce96a0493/Markdown-2.6.11-py2.py3-none-any.whl
  Saved c:\users\chok\documents\training\coursera\ml-finance\samples\handson-ml\testenv\tmp\wheelhouse\markdown-2.6.11-py2.py3-none-any.whl
Collecting toolz>=0.7.3; extra == "array" (from dask[array]>=0.9.0->scikit-image->-r requirements2.txt (line 62))
  Saved c:\users\chok\documents\training\coursera\ml-finance\samples\handson-ml\testenv\tmp\wheelhouse\toolz-0.9.0-cp36-none-any.whl
Collecting decorator>=4.1.0 (from networkx>=1.8->scikit-image->-r requirements2.txt (line 62))
  File was already downloaded c:\users\chok\documents\training\coursera\ml-finance\samples\handson-ml\testenv\tmp\wheelhouse\decorator-4.3.0-py2.py3-none-any.whl
Collecting gitdb2>=2.0.0 (from GitPython!=2.1.4,!=2.1.5,!=2.1.6->nbdime->-r requirements2.txt (line 68))
  Using cached https://files.pythonhosted.org/packages/a9/fb/d3afc4e2a8d506a07af19f125f7a473ae1b56f942ed2ba80776eb8ae23b1/gitdb2-2.0.4-py2.py3-none-any.whl
  Saved c:\users\chok\documents\training\coursera\ml-finance\samples\handson-ml\testenv\tmp\wheelhouse\gitdb2-2.0.4-py2.py3-none-any.whl
Collecting jsonschema!=2.5.0,>=2.4 (from nbformat->nbdime->-r requirements2.txt (line 68))
  File was already downloaded c:\users\chok\documents\training\coursera\ml-finance\samples\handson-ml\testenv\tmp\wheelhouse\jsonschema-2.6.0-py2.py3-none-any.whl
Collecting certifi>=2017.4.17 (from requests->nbdime->-r requirements2.txt (line 68))
  Using cached https://files.pythonhosted.org/packages/16/1f/50d729c104b21c1042aa51560da6141d1cab476ba7015d92b2111c8db841/certifi-2018.8.13-py2.py3-none-any.whl
  Saved c:\users\chok\documents\training\coursera\ml-finance\samples\handson-ml\testenv\tmp\wheelhouse\certifi-2018.8.13-py2.py3-none-any.whl
Collecting chardet<3.1.0,>=3.0.2 (from requests->nbdime->-r requirements2.txt (line 68))
  Using cached https://files.pythonhosted.org/packages/bc/a9/01ffebfb562e4274b6487b4bb1ddec7ca55ec7510b22e4c51f14098443b8/chardet-3.0.4-py2.py3-none-any.whl
  Saved c:\users\chok\documents\training\coursera\ml-finance\samples\handson-ml\testenv\tmp\wheelhouse\chardet-3.0.4-py2.py3-none-any.whl
Collecting urllib3<1.24,>=1.21.1 (from requests->nbdime->-r requirements2.txt (line 68))
  Using cached https://files.pythonhosted.org/packages/bd/c9/6fdd990019071a4a32a5e7cb78a1d92c53851ef4f56f62a3486e6a7d8ffb/urllib3-1.23-py2.py3-none-any.whl
  Saved c:\users\chok\documents\training\coursera\ml-finance\samples\handson-ml\testenv\tmp\wheelhouse\urllib3-1.23-py2.py3-none-any.whl
Collecting MarkupSafe>=0.23 (from jinja2>=2.9->nbdime->-r requirements2.txt (line 68))
  File was already downloaded c:\users\chok\documents\training\coursera\ml-finance\samples\handson-ml\testenv\tmp\wheelhouse\MarkupSafe-1.0-cp36-cp36m-win_amd64.whl
Collecting entrypoints>=0.2.2 (from nbconvert>=4.2->jupyter-contrib-nbextensions->-r requirements2.txt (line 85))
  File was already downloaded c:\users\chok\documents\training\coursera\ml-finance\samples\handson-ml\testenv\tmp\wheelhouse\entrypoints-0.2.3-py2.py3-none-any.whl
Collecting mistune>=0.7.4 (from nbconvert>=4.2->jupyter-contrib-nbextensions->-r requirements2.txt (line 85))
  File was already downloaded c:\users\chok\documents\training\coursera\ml-finance\samples\handson-ml\testenv\tmp\wheelhouse\mistune-0.8.3-py2.py3-none-any.whl
Collecting pandocfilters>=1.4.1 (from nbconvert>=4.2->jupyter-contrib-nbextensions->-r requirements2.txt (line 85))
  File was already downloaded c:\users\chok\documents\training\coursera\ml-finance\samples\handson-ml\testenv\tmp\wheelhouse\pandocfilters-1.4.2-cp36-none-any.whl
Collecting pygments (from nbconvert>=4.2->jupyter-contrib-nbextensions->-r requirements2.txt (line 85))
  File was already downloaded c:\users\chok\documents\training\coursera\ml-finance\samples\handson-ml\testenv\tmp\wheelhouse\Pygments-2.2.0-py2.py3-none-any.whl
Collecting testpath (from nbconvert>=4.2->jupyter-contrib-nbextensions->-r requirements2.txt (line 85))
  File was already downloaded c:\users\chok\documents\training\coursera\ml-finance\samples\handson-ml\testenv\tmp\wheelhouse\testpath-0.3.1-py2.py3-none-any.whl
Collecting ipython (from jupyter-latex-envs>=1.3.8->jupyter-contrib-nbextensions->-r requirements2.txt (line 85))
  File was already downloaded c:\users\chok\documents\training\coursera\ml-finance\samples\handson-ml\testenv\tmp\wheelhouse\ipython-6.5.0-py3-none-any.whl
Collecting python-dateutil>=2.1 (from jupyter-client>=5.2.0->notebook>=5.0->jupyter-tensorboard==0.1.6->-c constraints-chok.txt (line 8))
  File was already downloaded c:\users\chok\documents\training\coursera\ml-finance\samples\handson-ml\testenv\tmp\wheelhouse\python_dateutil-2.7.3-py2.py3-none-any.whl
Collecting pywinpty>=0.5; os_name == "nt" (from terminado>=0.8.1->notebook>=5.0->jupyter-tensorboard==0.1.6->-c constraints-chok.txt (line 8))
  File was already downloaded c:\users\chok\documents\training\coursera\ml-finance\samples\handson-ml\testenv\tmp\wheelhouse\pywinpty-0.5.4-cp36-cp36m-win_amd64.whl
Collecting smmap2>=2.0.0 (from gitdb2>=2.0.0->GitPython!=2.1.4,!=2.1.5,!=2.1.6->nbdime->-r requirements2.txt (line 68))
  Using cached https://files.pythonhosted.org/packages/0f/14/e3112808b727f72df9531fc2f00b84d4966e66001748b6883a21c767e902/smmap2-2.0.4-py2.py3-none-any.whl
  Saved c:\users\chok\documents\training\coursera\ml-finance\samples\handson-ml\testenv\tmp\wheelhouse\smmap2-2.0.4-py2.py3-none-any.whl
Collecting pickleshare (from ipython->jupyter-latex-envs>=1.3.8->jupyter-contrib-nbextensions->-r requirements2.txt (line 85))
  File was already downloaded c:\users\chok\documents\training\coursera\ml-finance\samples\handson-ml\testenv\tmp\wheelhouse\pickleshare-0.7.4-py2.py3-none-any.whl
Collecting simplegeneric>0.8 (from ipython->jupyter-latex-envs>=1.3.8->jupyter-contrib-nbextensions->-r requirements2.txt (line 85))
  File was already downloaded c:\users\chok\documents\training\coursera\ml-finance\samples\handson-ml\testenv\tmp\wheelhouse\simplegeneric-0.8.1-cp36-none-any.whl
Collecting prompt-toolkit<2.0.0,>=1.0.15 (from ipython->jupyter-latex-envs>=1.3.8->jupyter-contrib-nbextensions->-r requirements2.txt (line 85))
  File was already downloaded c:\users\chok\documents\training\coursera\ml-finance\samples\handson-ml\testenv\tmp\wheelhouse\prompt_toolkit-1.0.15-py3-none-any.whl
Collecting jedi>=0.10 (from ipython->jupyter-latex-envs>=1.3.8->jupyter-contrib-nbextensions->-r requirements2.txt (line 85))
  File was already downloaded c:\users\chok\documents\training\coursera\ml-finance\samples\handson-ml\testenv\tmp\wheelhouse\jedi-0.12.1-py2.py3-none-any.whl
Collecting backcall (from ipython->jupyter-latex-envs>=1.3.8->jupyter-contrib-nbextensions->-r requirements2.txt (line 85))
  File was already downloaded c:\users\chok\documents\training\coursera\ml-finance\samples\handson-ml\testenv\tmp\wheelhouse\backcall-0.1.0-cp36-none-any.whl
Collecting wcwidth (from prompt-toolkit<2.0.0,>=1.0.15->ipython->jupyter-latex-envs>=1.3.8->jupyter-contrib-nbextensions->-r requirements2.txt (line 85))
  File was already downloaded c:\users\chok\documents\training\coursera\ml-finance\samples\handson-ml\testenv\tmp\wheelhouse\wcwidth-0.1.7-py2.py3-none-any.whl
Collecting parso>=0.3.0 (from jedi>=0.10->ipython->jupyter-latex-envs>=1.3.8->jupyter-contrib-nbextensions->-r requirements2.txt (line 85))
  File was already downloaded c:\users\chok\documents\training\coursera\ml-finance\samples\handson-ml\testenv\tmp\wheelhouse\parso-0.3.1-py2.py3-none-any.whl
Skipping numpy, due to already being wheel.
Skipping bleach, due to already being wheel.
Skipping scikit-learn, due to already being wheel.
Skipping tensorflow, due to already being wheel.
Skipping Keras, due to already being wheel.
Skipping imageio, due to already being wheel.
Skipping Pillow, due to already being wheel.
Skipping scikit-image, due to already being wheel.
Skipping nbdime, due to already being wheel.
Skipping numexpr, due to already being wheel.
Skipping nltk, due to already being wheel.
Skipping urlextract, due to already being wheel.
Skipping jupyter-contrib-nbextensions, due to already being wheel.
Skipping html5lib, due to already being wheel.
Skipping six, due to already being wheel.
Skipping notebook, due to already being wheel.
Skipping gast, due to already being wheel.
Skipping termcolor, due to already being wheel.
Skipping absl-py, due to already being wheel.
Skipping protobuf, due to already being wheel.
Skipping wheel, due to already being wheel.
Skipping tensorboard, due to already being wheel.
Skipping grpcio, due to already being wheel.
Skipping astor, due to already being wheel.
Skipping setuptools, due to already being wheel.
Skipping h5py, due to already being wheel.
Skipping keras-applications, due to already being wheel.
Skipping pyyaml, due to already being wheel.
Skipping scipy, due to already being wheel.
Skipping keras-preprocessing, due to already being wheel.
Skipping cloudpickle, due to already being wheel.
Skipping dask, due to already being wheel.
Skipping networkx, due to already being wheel.
Skipping PyWavelets, due to already being wheel.
Skipping tornado, due to already being wheel.
Skipping GitPython, due to already being wheel.
Skipping nbformat, due to already being wheel.
Skipping requests, due to already being wheel.
Skipping jinja2, due to already being wheel.
Skipping colorama, due to already being wheel.
Skipping idna, due to already being wheel.
Skipping uritools, due to already being wheel.
Skipping jupyter-core, due to already being wheel.
Skipping nbconvert, due to already being wheel.
Skipping jupyter-contrib-core, due to already being wheel.
Skipping jupyter-latex-envs, due to already being wheel.
Skipping jupyter-nbextensions-configurator, due to already being wheel.
Skipping ipython-genutils, due to already being wheel.
Skipping traitlets, due to already being wheel.
Skipping lxml, due to already being wheel.
Skipping jupyter-highlight-selected-word, due to already being wheel.
Skipping jupyter-client, due to already being wheel.
Skipping Send2Trash, due to already being wheel.
Skipping pyzmq, due to already being wheel.
Skipping terminado, due to already being wheel.
Skipping ipykernel, due to already being wheel.
Skipping prometheus-client, due to already being wheel.
Skipping werkzeug, due to already being wheel.
Skipping markdown, due to already being wheel.
Skipping toolz, due to already being wheel.
Skipping decorator, due to already being wheel.
Skipping gitdb2, due to already being wheel.
Skipping jsonschema, due to already being wheel.
Skipping certifi, due to already being wheel.
Skipping chardet, due to already being wheel.
Skipping urllib3, due to already being wheel.
Skipping MarkupSafe, due to already being wheel.
Skipping entrypoints, due to already being wheel.
Skipping mistune, due to already being wheel.
Skipping pandocfilters, due to already being wheel.
Skipping pygments, due to already being wheel.
Skipping testpath, due to already being wheel.
Skipping ipython, due to already being wheel.
Skipping python-dateutil, due to already being wheel.
Skipping pywinpty, due to already being wheel.
Skipping smmap2, due to already being wheel.
Skipping pickleshare, due to already being wheel.
Skipping simplegeneric, due to already being wheel.
Skipping prompt-toolkit, due to already being wheel.
Skipping jedi, due to already being wheel.
Skipping backcall, due to already being wheel.
Skipping wcwidth, due to already being wheel.
Skipping parso, due to already being wheel.
Building wheels for collected packages: jupyter-tensorboard
  Running setup.py bdist_wheel for jupyter-tensorboard: started
  Running setup.py bdist_wheel for jupyter-tensorboard: finished with status 'done'
  Stored in directory: c:\users\chok\documents\training\coursera\ml-finance\samples\handson-ml\testenv\tmp\wheelhouse
Successfully built jupyter-tensorboard
Looking in links: C:\Users\chok\Documents\Training\Coursera\ML-Finance\samples\handson-ml\testenv\tmp\wheelhouse
Requirement already satisfied: bleach==1.5.0 in c:\users\chok\documents\training\coursera\ml-finance\samples\handson-ml\testenv\lib\site-packages (from -c constraints-chok.txt (line 6)) (1.5.0)
Collecting jupyter-tensorboard==0.1.6 (from -c constraints-chok.txt (line 8))
Collecting scikit-learn (from -r requirements2.txt (line 29))
Collecting tensorflow (from -r requirements2.txt (line 41))
Collecting Keras (from -r requirements2.txt (line 48))
Collecting imageio (from -r requirements2.txt (line 60))
Collecting Pillow (from -r requirements2.txt (line 61))
Collecting scikit-image (from -r requirements2.txt (line 62))
Collecting nbdime (from -r requirements2.txt (line 68))
Collecting numexpr (from -r requirements2.txt (line 72))
Collecting nltk (from -r requirements2.txt (line 76))
Collecting urlextract (from -r requirements2.txt (line 77))
Collecting jupyter-contrib-nbextensions (from -r requirements2.txt (line 85))
Requirement already satisfied: html5lib!=0.9999,!=0.99999,<0.99999999,>=0.999 in c:\users\chok\documents\training\coursera\ml-finance\samples\handson-ml\testenv\lib\site-packages (from bleach==1.5.0->-c constraints-chok.txt (line 6)) (0.9999999)
Requirement already satisfied: six in c:\users\chok\documents\training\coursera\ml-finance\samples\handson-ml\testenv\lib\site-packages (from bleach==1.5.0->-c constraints-chok.txt (line 6)) (1.11.0)
Requirement already satisfied: notebook>=5.0 in c:\users\chok\documents\training\coursera\ml-finance\samples\handson-ml\testenv\lib\site-packages (from jupyter-tensorboard==0.1.6->-c constraints-chok.txt (line 8)) (5.6.0)
Requirement already satisfied: numpy<=1.14.5,>=1.13.3 in c:\users\chok\documents\training\coursera\ml-finance\samples\handson-ml\testenv\lib\site-packages (from -c constraints-chok.txt (line 2)) (1.14.5)
Collecting setuptools<=39.1.0 (from tensorflow->-r requirements2.txt (line 41))
Collecting grpcio>=1.8.6 (from tensorflow->-r requirements2.txt (line 41))
Collecting gast>=0.2.0 (from tensorflow->-r requirements2.txt (line 41))
Collecting absl-py>=0.1.6 (from tensorflow->-r requirements2.txt (line 41))
Collecting tensorboard<1.11.0,>=1.10.0 (from tensorflow->-r requirements2.txt (line 41))
Requirement already satisfied: wheel>=0.26 in c:\users\chok\documents\training\coursera\ml-finance\samples\handson-ml\testenv\lib\site-packages (from tensorflow->-r requirements2.txt (line 41)) (0.31.1)
Collecting protobuf>=3.6.0 (from tensorflow->-r requirements2.txt (line 41))
Collecting termcolor>=1.1.0 (from tensorflow->-r requirements2.txt (line 41))
Collecting astor>=0.6.0 (from tensorflow->-r requirements2.txt (line 41))
Collecting h5py (from Keras->-r requirements2.txt (line 48))
Requirement already satisfied: scipy>=0.14 in c:\users\chok\documents\training\coursera\ml-finance\samples\handson-ml\testenv\lib\site-packages (from Keras->-r requirements2.txt (line 48)) (1.1.0)
Collecting pyyaml (from Keras->-r requirements2.txt (line 48))
Collecting keras-applications==1.0.4 (from Keras->-r requirements2.txt (line 48))
Collecting keras-preprocessing==1.0.2 (from Keras->-r requirements2.txt (line 48))
Collecting dask[array]>=0.9.0 (from scikit-image->-r requirements2.txt (line 62))
Collecting cloudpickle>=0.2.1 (from scikit-image->-r requirements2.txt (line 62))
Collecting networkx>=1.8 (from scikit-image->-r requirements2.txt (line 62))
Collecting PyWavelets>=0.4.0 (from scikit-image->-r requirements2.txt (line 62))
Collecting GitPython!=2.1.4,!=2.1.5,!=2.1.6 (from nbdime->-r requirements2.txt (line 68))
Collecting requests (from nbdime->-r requirements2.txt (line 68))
Requirement already satisfied: tornado in c:\users\chok\documents\training\coursera\ml-finance\samples\handson-ml\testenv\lib\site-packages (from nbdime->-r requirements2.txt (line 68)) (5.1)
Requirement already satisfied: colorama in c:\users\chok\documents\training\coursera\ml-finance\samples\handson-ml\testenv\lib\site-packages (from nbdime->-r requirements2.txt (line 68)) (0.3.9)
Requirement already satisfied: nbformat in c:\users\chok\documents\training\coursera\ml-finance\samples\handson-ml\testenv\lib\site-packages (from nbdime->-r requirements2.txt (line 68)) (4.4.0)
Requirement already satisfied: jinja2>=2.9 in c:\users\chok\documents\training\coursera\ml-finance\samples\handson-ml\testenv\lib\site-packages (from nbdime->-r requirements2.txt (line 68)) (2.10)
Collecting uritools (from urlextract->-r requirements2.txt (line 77))
Collecting idna (from urlextract->-r requirements2.txt (line 77))
Collecting jupyter-nbextensions-configurator>=0.4.0 (from jupyter-contrib-nbextensions->-r requirements2.txt (line 85))
Collecting jupyter-latex-envs>=1.3.8 (from jupyter-contrib-nbextensions->-r requirements2.txt (line 85))
Collecting jupyter-contrib-core>=0.3.3 (from jupyter-contrib-nbextensions->-r requirements2.txt (line 85))
Requirement already satisfied: jupyter-core in c:\users\chok\documents\training\coursera\ml-finance\samples\handson-ml\testenv\lib\site-packages (from jupyter-contrib-nbextensions->-r requirements2.txt (line 85)) (4.4.0)
Requirement already satisfied: traitlets>=4.1 in c:\users\chok\documents\training\coursera\ml-finance\samples\handson-ml\testenv\lib\site-packages (from jupyter-contrib-nbextensions->-r requirements2.txt (line 85)) (4.3.2)
Collecting lxml (from jupyter-contrib-nbextensions->-r requirements2.txt (line 85))
Requirement already satisfied: ipython-genutils in c:\users\chok\documents\training\coursera\ml-finance\samples\handson-ml\testenv\lib\site-packages (from jupyter-contrib-nbextensions->-r requirements2.txt (line 85)) (0.2.0)
Collecting jupyter-highlight-selected-word>=0.1.1 (from jupyter-contrib-nbextensions->-r requirements2.txt (line 85))
Requirement already satisfied: nbconvert>=4.2 in c:\users\chok\documents\training\coursera\ml-finance\samples\handson-ml\testenv\lib\site-packages (from jupyter-contrib-nbextensions->-r requirements2.txt (line 85)) (5.3.1)
Requirement already satisfied: Send2Trash in c:\users\chok\documents\training\coursera\ml-finance\samples\handson-ml\testenv\lib\site-packages (from notebook>=5.0->jupyter-tensorboard==0.1.6->-c constraints-chok.txt (line 8)) (1.5.0)
Requirement already satisfied: terminado>=0.8.1 in c:\users\chok\documents\training\coursera\ml-finance\samples\handson-ml\testenv\lib\site-packages (from notebook>=5.0->jupyter-tensorboard==0.1.6->-c constraints-chok.txt (line 8)) (0.8.1)
Requirement already satisfied: prometheus-client in c:\users\chok\documents\training\coursera\ml-finance\samples\handson-ml\testenv\lib\site-packages (from notebook>=5.0->jupyter-tensorboard==0.1.6->-c constraints-chok.txt (line 8)) (0.3.1)
Requirement already satisfied: ipykernel in c:\users\chok\documents\training\coursera\ml-finance\samples\handson-ml\testenv\lib\site-packages (from notebook>=5.0->jupyter-tensorboard==0.1.6->-c constraints-chok.txt (line 8)) (4.8.2)
Requirement already satisfied: jupyter-client>=5.2.0 in c:\users\chok\documents\training\coursera\ml-finance\samples\handson-ml\testenv\lib\site-packages (from notebook>=5.0->jupyter-tensorboard==0.1.6->-c constraints-chok.txt (line 8)) (5.2.3)
Requirement already satisfied: pyzmq>=17 in c:\users\chok\documents\training\coursera\ml-finance\samples\handson-ml\testenv\lib\site-packages (from notebook>=5.0->jupyter-tensorboard==0.1.6->-c constraints-chok.txt (line 8)) (17.1.2)
Collecting werkzeug>=0.11.10 (from tensorboard<1.11.0,>=1.10.0->tensorflow->-r requirements2.txt (line 41))
Collecting markdown>=2.6.8 (from tensorboard<1.11.0,>=1.10.0->tensorflow->-r requirements2.txt (line 41))
Collecting toolz>=0.7.3; extra == "array" (from dask[array]>=0.9.0->scikit-image->-r requirements2.txt (line 62))
Requirement already satisfied: decorator>=4.1.0 in c:\users\chok\documents\training\coursera\ml-finance\samples\handson-ml\testenv\lib\site-packages (from networkx>=1.8->scikit-image->-r requirements2.txt (line 62)) (4.3.0)
Collecting gitdb2>=2.0.0 (from GitPython!=2.1.4,!=2.1.5,!=2.1.6->nbdime->-r requirements2.txt (line 68))
Collecting chardet<3.1.0,>=3.0.2 (from requests->nbdime->-r requirements2.txt (line 68))
Collecting urllib3<1.24,>=1.21.1 (from requests->nbdime->-r requirements2.txt (line 68))
Collecting certifi>=2017.4.17 (from requests->nbdime->-r requirements2.txt (line 68))
Requirement already satisfied: jsonschema!=2.5.0,>=2.4 in c:\users\chok\documents\training\coursera\ml-finance\samples\handson-ml\testenv\lib\site-packages (from nbformat->nbdime->-r requirements2.txt (line 68)) (2.6.0)
Requirement already satisfied: MarkupSafe>=0.23 in c:\users\chok\documents\training\coursera\ml-finance\samples\handson-ml\testenv\lib\site-packages (from jinja2>=2.9->nbdime->-r requirements2.txt (line 68)) (1.0)
Requirement already satisfied: ipython in c:\users\chok\documents\training\coursera\ml-finance\samples\handson-ml\testenv\lib\site-packages (from jupyter-latex-envs>=1.3.8->jupyter-contrib-nbextensions->-r requirements2.txt (line 85)) (6.5.0)
Requirement already satisfied: entrypoints>=0.2.2 in c:\users\chok\documents\training\coursera\ml-finance\samples\handson-ml\testenv\lib\site-packages (from nbconvert>=4.2->jupyter-contrib-nbextensions->-r requirements2.txt (line 85)) (0.2.3)
Requirement already satisfied: pygments in c:\users\chok\documents\training\coursera\ml-finance\samples\handson-ml\testenv\lib\site-packages (from nbconvert>=4.2->jupyter-contrib-nbextensions->-r requirements2.txt (line 85)) (2.2.0)
Requirement already satisfied: testpath in c:\users\chok\documents\training\coursera\ml-finance\samples\handson-ml\testenv\lib\site-packages (from nbconvert>=4.2->jupyter-contrib-nbextensions->-r requirements2.txt (line 85)) (0.3.1)
Requirement already satisfied: mistune>=0.7.4 in c:\users\chok\documents\training\coursera\ml-finance\samples\handson-ml\testenv\lib\site-packages (from nbconvert>=4.2->jupyter-contrib-nbextensions->-r requirements2.txt (line 85)) (0.8.3)
Requirement already satisfied: pandocfilters>=1.4.1 in c:\users\chok\documents\training\coursera\ml-finance\samples\handson-ml\testenv\lib\site-packages (from nbconvert>=4.2->jupyter-contrib-nbextensions->-r requirements2.txt (line 85)) (1.4.2)
Requirement already satisfied: pywinpty>=0.5; os_name == "nt" in c:\users\chok\documents\training\coursera\ml-finance\samples\handson-ml\testenv\lib\site-packages (from terminado>=0.8.1->notebook>=5.0->jupyter-tensorboard==0.1.6->-c constraints-chok.txt (line 8)) (0.5.4)
Requirement already satisfied: python-dateutil>=2.1 in c:\users\chok\documents\training\coursera\ml-finance\samples\handson-ml\testenv\lib\site-packages (from jupyter-client>=5.2.0->notebook>=5.0->jupyter-tensorboard==0.1.6->-c constraints-chok.txt (line 8)) (2.7.3)
Collecting smmap2>=2.0.0 (from gitdb2>=2.0.0->GitPython!=2.1.4,!=2.1.5,!=2.1.6->nbdime->-r requirements2.txt (line 68))
Requirement already satisfied: simplegeneric>0.8 in c:\users\chok\documents\training\coursera\ml-finance\samples\handson-ml\testenv\lib\site-packages (from ipython->jupyter-latex-envs>=1.3.8->jupyter-contrib-nbextensions->-r requirements2.txt (line 85)) (0.8.1)
Requirement already satisfied: pickleshare in c:\users\chok\documents\training\coursera\ml-finance\samples\handson-ml\testenv\lib\site-packages (from ipython->jupyter-latex-envs>=1.3.8->jupyter-contrib-nbextensions->-r requirements2.txt (line 85)) (0.7.4)
Requirement already satisfied: backcall in c:\users\chok\documents\training\coursera\ml-finance\samples\handson-ml\testenv\lib\site-packages (from ipython->jupyter-latex-envs>=1.3.8->jupyter-contrib-nbextensions->-r requirements2.txt (line 85)) (0.1.0)
Requirement already satisfied: prompt-toolkit<2.0.0,>=1.0.15 in c:\users\chok\documents\training\coursera\ml-finance\samples\handson-ml\testenv\lib\site-packages (from ipython->jupyter-latex-envs>=1.3.8->jupyter-contrib-nbextensions->-r requirements2.txt (line 85)) (1.0.15)
Requirement already satisfied: jedi>=0.10 in c:\users\chok\documents\training\coursera\ml-finance\samples\handson-ml\testenv\lib\site-packages (from ipython->jupyter-latex-envs>=1.3.8->jupyter-contrib-nbextensions->-r requirements2.txt (line 85)) (0.12.1)
Requirement already satisfied: wcwidth in c:\users\chok\documents\training\coursera\ml-finance\samples\handson-ml\testenv\lib\site-packages (from prompt-toolkit<2.0.0,>=1.0.15->ipython->jupyter-latex-envs>=1.3.8->jupyter-contrib-nbextensions->-r requirements2.txt (line 85)) (0.1.7)
Requirement already satisfied: parso>=0.3.0 in c:\users\chok\documents\training\coursera\ml-finance\samples\handson-ml\testenv\lib\site-packages (from jedi>=0.10->ipython->jupyter-latex-envs>=1.3.8->jupyter-contrib-nbextensions->-r requirements2.txt (line 85)) (0.3.1)
Installing collected packages: jupyter-tensorboard, scikit-learn, setuptools, grpcio, gast, absl-py, werkzeug, markdown, protobuf, tensorboard, termcolor, astor, tensorflow, h5py, pyyaml, keras-applications, keras-preprocessing, Keras, Pillow, imageio, toolz, dask, cloudpickle, networkx, PyWavelets, scikit-image, smmap2, gitdb2, GitPython, chardet, idna, urllib3, certifi, requests, nbdime, numexpr, nltk, uritools, urlextract, jupyter-contrib-core, jupyter-nbextensions-configurator, jupyter-latex-envs, lxml, jupyter-highlight-selected-word, jupyter-contrib-nbextensions
  Found existing installation: setuptools 40.0.0
    Uninstalling setuptools-40.0.0:
      Successfully uninstalled setuptools-40.0.0
Successfully installed GitPython-2.1.11 Keras-2.2.2 Pillow-5.2.0 PyWavelets-0.5.2 absl-py-0.4.0 astor-0.7.1 certifi-2018.8.13 chardet-3.0.4 cloudpickle-0.5.3 dask-0.18.2 gast-0.2.0 gitdb2-2.0.4 grpcio-1.14.1 h5py-2.8.0 idna-2.7 imageio-2.3.0 jupyter-contrib-core-0.3.3 jupyter-contrib-nbextensions-0.5.0 jupyter-highlight-selected-word-0.2.0 jupyter-latex-envs-1.4.4 jupyter-nbextensions-configurator-0.4.0 jupyter-tensorboard-0.1.6 keras-applications-1.0.4 keras-preprocessing-1.0.2 lxml-4.2.4 markdown-2.6.11 nbdime-1.0.2 networkx-2.1 nltk-3.3 numexpr-2.6.7 protobuf-3.6.1 pyyaml-3.13 requests-2.19.1 scikit-image-0.14.0 scikit-learn-0.19.2 setuptools-39.1.0 smmap2-2.0.4 tensorboard-1.10.0 tensorflow-1.10.0 termcolor-1.1.0 toolz-0.9.0 uritools-2.2.0 urlextract-0.8.3 urllib3-1.23 werkzeug-0.14.1
